<?xml version="1.0" encoding="UTF-8"?>
<testng-results ignored="0" total="2" passed="2" failed="0" skipped="0">
  <reporter-output>
  </reporter-output>
  <suite started-at="2022-05-21T13:20:31 CDT" name="Adhoc" finished-at="2022-05-21T13:21:39 CDT" duration-ms="68135">
    <groups>
    </groups>
    <test started-at="2022-05-21T13:20:31 CDT" name="Regression" finished-at="2022-05-21T13:21:39 CDT" duration-ms="68135">
      <class name="piit.AutoumationTrainingProgram.NewTest">
        <test-method is-config="true" signature="beforeClass(java.lang.String)[pri:0, instance:piit.AutoumationTrainingProgram.NewTest@791f145a]" started-at="2022-05-21T13:20:31 CDT" name="beforeClass" finished-at="2022-05-21T13:20:35 CDT" duration-ms="3876" status="PASS">
          <params>
            <param index="0">
              <value>
                <![CDATA[Chrome]]>
              </value>
            </param>
          </params>
          <reporter-output>
          </reporter-output>
        </test-method> <!-- beforeClass -->
        <test-method signature="f(java.lang.String,java.lang.String)[pri:0, instance:piit.AutoumationTrainingProgram.NewTest@791f145a]" started-at="2022-05-21T13:20:35 CDT" name="f" data-provider="Providers" finished-at="2022-05-21T13:20:59 CDT" duration-ms="24033" status="PASS">
          <params>
            <param index="0">
              <value>
                <![CDATA[Jonh@gmail.com]]>
              </value>
            </param>
            <param index="1">
              <value>
                <![CDATA[Automation]]>
              </value>
            </param>
          </params>
          <reporter-output>
          </reporter-output>
        </test-method> <!-- f -->
        <test-method signature="f(java.lang.String,java.lang.String)[pri:0, instance:piit.AutoumationTrainingProgram.NewTest@791f145a]" started-at="2022-05-21T13:20:59 CDT" name="f" data-provider="Providers" finished-at="2022-05-21T13:21:35 CDT" duration-ms="35790" status="PASS">
          <params>
            <param index="0">
              <value>
                <![CDATA[Silver@gmail.com]]>
              </value>
            </param>
            <param index="1">
              <value>
                <![CDATA[bi]]>
              </value>
            </param>
          </params>
          <reporter-output>
          </reporter-output>
        </test-method> <!-- f -->
        <test-method is-config="true" signature="afterClass()[pri:0, instance:piit.AutoumationTrainingProgram.NewTest@791f145a]" started-at="2022-05-21T13:21:35 CDT" name="afterClass" finished-at="2022-05-21T13:21:39 CDT" duration-ms="4154" status="PASS">
          <reporter-output>
          </reporter-output>
        </test-method> <!-- afterClass -->
      </class> <!-- piit.AutoumationTrainingProgram.NewTest -->
    </test> <!-- Regression -->
  </suite> <!-- Adhoc -->
</testng-results>
