<?xml version="1.0" encoding="UTF-8"?>
<!-- Generated by org.testng.reporters.JUnitXMLReporter -->
<testsuite ignored="0" hostname="DESKTOP-H0QBEHU" failures="1" tests="6" name="RegressionofEdge" time="47.381" errors="0" timestamp="2022-05-10T21:42:15 CDT">
  <testcase classname="piit.AutoumationTrainingProgram.Execution" name="Test2" time="0.006"/>
  <testcase classname="piit.AutoumationTrainingProgram.Browsersd" name="f" time="0.001">
    <failure type="java.lang.NullPointerException">
      <![CDATA[java.lang.NullPointerException
at piit.AutoumationTrainingProgram.Browsersd.f(Browsersd.java:17)
at java.base/java.util.ArrayList.forEach(ArrayList.java:1541)
at java.base/java.util.concurrent.FutureTask.run(FutureTask.java:264)
at java.base/java.util.concurrent.ThreadPoolExecutor.runWorker(ThreadPoolExecutor.java:1128)
at java.base/java.util.concurrent.ThreadPoolExecutor$Worker.run(ThreadPoolExecutor.java:628)
at java.base/java.lang.Thread.run(Thread.java:834)
... Removed 18 stack frames]]>
    </failure>
  </testcase> <!-- f -->
  <testcase classname="piit.AutoumationTrainingProgram.Execution" name="f" time="0.003"/>
  <testcase classname="piit.AutoumationTrainingProgram.Signout" name="f" time="19.506"/>
  <testcase classname="piit.AutoumationTrainingProgram.Signout" name="TextVerificationMethod" time="6.484"/>
  <testcase classname="piit.AutoumationTrainingProgram.Signout" name="TextVerificationHomepageMethod" time="6.377"/>
</testsuite> <!-- RegressionofEdge -->
